{"D:\\chart-project-master\\src\\App.js": {"path":"D:\\chart-project-master\\src\\App.js","statementMap":{"0":{"start":{"line":11,"column":35},"end":{"line":11,"column":50}},"1":{"start":{"line":13,"column":2},"end":{"line":13,"column":23}},"2":{"start":{"line":15,"column":21},"end":{"line":17,"column":3}},"3":{"start":{"line":16,"column":4},"end":{"line":16,"column":27}},"4":{"start":{"line":19,"column":2},"end":{"line":25,"column":4}}},"fnMap":{"0":{"name":"App","decl":{"start":{"line":9,"column":9},"end":{"line":9,"column":12}},"loc":{"start":{"line":9,"column":15},"end":{"line":26,"column":1}},"line":9},"1":{"name":"(anonymous_1)","decl":{"start":{"line":15,"column":21},"end":{"line":15,"column":22}},"loc":{"start":{"line":15,"column":27},"end":{"line":17,"column":3}},"line":15}},"branchMap":{},"s":{"0":2,"1":2,"2":2,"3":0,"4":2},"f":{"0":2,"1":0},"b":{},"_coverageSchema":"1a1c01bbd47fc00a2c39e90264f33305004495a9","hash":"3e5c8c9822116c1e660b5f951221294a751b5327"}
,"D:\\chart-project-master\\src\\index.js": {"path":"D:\\chart-project-master\\src\\index.js","statementMap":{"0":{"start":{"line":8,"column":13},"end":{"line":8,"column":65}},"1":{"start":{"line":9,"column":0},"end":{"line":15,"column":2}}},"fnMap":{},"branchMap":{},"s":{"0":0,"1":0},"f":{},"b":{}}
,"D:\\chart-project-master\\src\\Components\\AddForm.jsx": {"path":"D:\\chart-project-master\\src\\Components\\AddForm.jsx","statementMap":{"0":{"start":{"line":5,"column":16},"end":{"line":66,"column":1}},"1":{"start":{"line":7,"column":15},"end":{"line":7,"column":24}},"2":{"start":{"line":9,"column":28},"end":{"line":9,"column":38}},"3":{"start":{"line":10,"column":25},"end":{"line":10,"column":41}},"4":{"start":{"line":11,"column":26},"end":{"line":11,"column":36}},"5":{"start":{"line":14,"column":23},"end":{"line":42,"column":3}},"6":{"start":{"line":16,"column":16},"end":{"line":16,"column":31}},"7":{"start":{"line":18,"column":16},"end":{"line":21,"column":6}},"8":{"start":{"line":19,"column":8},"end":{"line":19,"column":28}},"9":{"start":{"line":20,"column":7},"end":{"line":20,"column":29}},"10":{"start":{"line":23,"column":4},"end":{"line":23,"column":29}},"11":{"start":{"line":26,"column":14},"end":{"line":35,"column":5}},"12":{"start":{"line":37,"column":4},"end":{"line":37,"column":47}},"13":{"start":{"line":38,"column":4},"end":{"line":38,"column":17}},"14":{"start":{"line":39,"column":4},"end":{"line":39,"column":16}},"15":{"start":{"line":40,"column":4},"end":{"line":40,"column":17}},"16":{"start":{"line":45,"column":2},"end":{"line":65,"column":3}},"17":{"start":{"line":51,"column":85},"end":{"line":51,"column":109}},"18":{"start":{"line":52,"column":84},"end":{"line":52,"column":107}},"19":{"start":{"line":53,"column":100},"end":{"line":53,"column":123}}},"fnMap":{"0":{"name":"(anonymous_0)","decl":{"start":{"line":5,"column":16},"end":{"line":5,"column":17}},"loc":{"start":{"line":5,"column":44},"end":{"line":66,"column":1}},"line":5},"1":{"name":"(anonymous_1)","decl":{"start":{"line":14,"column":23},"end":{"line":14,"column":24}},"loc":{"start":{"line":14,"column":29},"end":{"line":42,"column":3}},"line":14},"2":{"name":"(anonymous_2)","decl":{"start":{"line":18,"column":24},"end":{"line":18,"column":25}},"loc":{"start":{"line":18,"column":35},"end":{"line":21,"column":5}},"line":18},"3":{"name":"(anonymous_3)","decl":{"start":{"line":51,"column":78},"end":{"line":51,"column":79}},"loc":{"start":{"line":51,"column":85},"end":{"line":51,"column":109}},"line":51},"4":{"name":"(anonymous_4)","decl":{"start":{"line":52,"column":77},"end":{"line":52,"column":78}},"loc":{"start":{"line":52,"column":84},"end":{"line":52,"column":107}},"line":52},"5":{"name":"(anonymous_5)","decl":{"start":{"line":53,"column":94},"end":{"line":53,"column":95}},"loc":{"start":{"line":53,"column":100},"end":{"line":53,"column":123}},"line":53}},"branchMap":{"0":{"loc":{"start":{"line":48,"column":2},"end":{"line":61,"column":11}},"type":"cond-expr","locations":[{"start":{"line":48,"column":13},"end":{"line":61,"column":6}},{"start":{"line":61,"column":9},"end":{"line":61,"column":11}}],"line":48}},"s":{"0":2,"1":1,"2":1,"3":1,"4":1,"5":1,"6":0,"7":0,"8":0,"9":0,"10":0,"11":0,"12":0,"13":0,"14":0,"15":0,"16":1,"17":0,"18":0,"19":0},"f":{"0":1,"1":0,"2":0,"3":0,"4":0,"5":0},"b":{"0":[0,1]},"_coverageSchema":"1a1c01bbd47fc00a2c39e90264f33305004495a9","hash":"d5cde003c9f08a5f947c36e0d9984102de3d073c"}
,"D:\\chart-project-master\\src\\Components\\Chart.jsx": {"path":"D:\\chart-project-master\\src\\Components\\Chart.jsx","statementMap":{"0":{"start":{"line":10,"column":14},"end":{"line":57,"column":1}},"1":{"start":{"line":12,"column":15},"end":{"line":12,"column":24}},"2":{"start":{"line":15,"column":13},"end":{"line":24,"column":3}},"3":{"start":{"line":26,"column":2},"end":{"line":56,"column":3}},"4":{"start":{"line":39,"column":8},"end":{"line":46,"column":9}}},"fnMap":{"0":{"name":"(anonymous_0)","decl":{"start":{"line":10,"column":14},"end":{"line":10,"column":15}},"loc":{"start":{"line":10,"column":20},"end":{"line":57,"column":1}},"line":10},"1":{"name":"(anonymous_1)","decl":{"start":{"line":38,"column":25},"end":{"line":38,"column":26}},"loc":{"start":{"line":38,"column":32},"end":{"line":47,"column":7}},"line":38}},"branchMap":{},"s":{"0":1,"1":0,"2":0,"3":0,"4":0},"f":{"0":0,"1":0},"b":{},"_coverageSchema":"1a1c01bbd47fc00a2c39e90264f33305004495a9","hash":"89b7f46f4d2c22ca6b1ff65bd05fded8b9d70a9c"}
,"D:\\chart-project-master\\src\\Components\\Constant.jsx": {"path":"D:\\chart-project-master\\src\\Components\\Constant.jsx","statementMap":{"0":{"start":{"line":3,"column":16},"end":{"line":3,"column":31}},"1":{"start":{"line":5,"column":23},"end":{"line":5,"column":48}},"2":{"start":{"line":5,"column":29},"end":{"line":5,"column":48}},"3":{"start":{"line":7,"column":24},"end":{"line":30,"column":1}},"4":{"start":{"line":9,"column":38},"end":{"line":18,"column":9}},"5":{"start":{"line":21,"column":2},"end":{"line":29,"column":3}},"6":{"start":{"line":32,"column":20},"end":{"line":32,"column":35}}},"fnMap":{"0":{"name":"(anonymous_0)","decl":{"start":{"line":5,"column":23},"end":{"line":5,"column":24}},"loc":{"start":{"line":5,"column":29},"end":{"line":5,"column":48}},"line":5},"1":{"name":"(anonymous_1)","decl":{"start":{"line":7,"column":24},"end":{"line":7,"column":25}},"loc":{"start":{"line":7,"column":35},"end":{"line":30,"column":1}},"line":7}},"branchMap":{},"s":{"0":2,"1":2,"2":1,"3":2,"4":0,"5":0,"6":2},"f":{"0":1,"1":0},"b":{},"_coverageSchema":"1a1c01bbd47fc00a2c39e90264f33305004495a9","hash":"6916b331bd94b7688a4d2b9f0af46ddb452c777a"}
,"D:\\chart-project-master\\src\\Components\\Header.jsx": {"path":"D:\\chart-project-master\\src\\Components\\Header.jsx","statementMap":{"0":{"start":{"line":4,"column":15},"end":{"line":11,"column":1}},"1":{"start":{"line":5,"column":2},"end":{"line":10,"column":3}}},"fnMap":{"0":{"name":"(anonymous_0)","decl":{"start":{"line":4,"column":15},"end":{"line":4,"column":16}},"loc":{"start":{"line":4,"column":33},"end":{"line":11,"column":1}},"line":4}},"branchMap":{},"s":{"0":1,"1":0},"f":{"0":0},"b":{},"_coverageSchema":"1a1c01bbd47fc00a2c39e90264f33305004495a9","hash":"b8aae2cfdf339014f0aea09da9dab20a2f911026"}
}
