TN:
SF:src\App.js
FN:9,App
FN:15,(anonymous_1)
FNF:2
FNH:1
FNDA:2,App
FNDA:0,(anonymous_1)
DA:11,2
DA:13,2
DA:15,2
DA:16,0
DA:19,2
LF:5
LH:4
BRF:0
BRH:0
end_of_record
TN:
SF:src\index.js
FNF:0
FNH:0
DA:8,0
DA:9,0
LF:2
LH:0
BRF:0
BRH:0
end_of_record
TN:
SF:src\Components\AddForm.jsx
FN:5,(anonymous_0)
FN:14,(anonymous_1)
FN:18,(anonymous_2)
FN:51,(anonymous_3)
FN:52,(anonymous_4)
FN:53,(anonymous_5)
FNF:6
FNH:1
FNDA:1,(anonymous_0)
FNDA:0,(anonymous_1)
FNDA:0,(anonymous_2)
FNDA:0,(anonymous_3)
FNDA:0,(anonymous_4)
FNDA:0,(anonymous_5)
DA:5,2
DA:7,1
DA:9,1
DA:10,1
DA:11,1
DA:14,1
DA:16,0
DA:18,0
DA:19,0
DA:20,0
DA:23,0
DA:26,0
DA:37,0
DA:38,0
DA:39,0
DA:40,0
DA:45,1
DA:51,0
DA:52,0
DA:53,0
LF:20
LH:7
BRDA:48,0,0,0
BRDA:48,0,1,1
BRF:2
BRH:1
end_of_record
TN:
SF:src\Components\Chart.jsx
FN:10,(anonymous_0)
FN:38,(anonymous_1)
FNF:2
FNH:0
FNDA:0,(anonymous_0)
FNDA:0,(anonymous_1)
DA:10,1
DA:12,0
DA:15,0
DA:26,0
DA:39,0
LF:5
LH:1
BRF:0
BRH:0
end_of_record
TN:
SF:src\Components\Constant.jsx
FN:5,(anonymous_0)
FN:7,(anonymous_1)
FNF:2
FNH:1
FNDA:1,(anonymous_0)
FNDA:0,(anonymous_1)
DA:3,2
DA:5,2
DA:7,2
DA:9,0
DA:21,0
DA:32,2
LF:6
LH:4
BRF:0
BRH:0
end_of_record
TN:
SF:src\Components\Header.jsx
FN:4,(anonymous_0)
FNF:1
FNH:0
FNDA:0,(anonymous_0)
DA:4,1
DA:5,0
LF:2
LH:1
BRF:0
BRH:0
end_of_record
